<?xml version="1.0" encoding="UTF-8"?>
<!-- Generated by org.testng.reporters.JUnitReportReporter -->
<testsuite hostname="ganepati02-mac" failures="0" tests="1" name="com.practice.tests.DashboardPageTests" time="8.937" errors="0" timestamp="2025-08-15T00:08:32 IST" skipped="0">
  <testcase classname="com.practice.tests.DashboardPageTests" name="DashboardTest" time="8.937"/>
</testsuite> <!-- com.practice.tests.DashboardPageTests -->
