<?xml version="1.0" encoding="UTF-8"?>
<!-- Generated by org.testng.reporters.JUnitReportReporter -->
<testsuite hostname="ganepati02-mac" failures="0" tests="1" name="com.practice.tests.LoginPageTests" time="8.543" errors="0" timestamp="2025-08-15T00:08:32 IST" skipped="0">
  <testcase classname="com.practice.tests.LoginPageTests" name="login" time="8.543"/>
</testsuite> <!-- com.practice.tests.LoginPageTests -->
