<?xml version="1.0" encoding="UTF-8"?>
<!-- Generated by org.testng.reporters.JUnitReportReporter -->
<testsuite hostname="ganepati02-mac" failures="0" tests="1" name="com.practice.tests.OrageHRMTests" time="9.247" errors="0" timestamp="2025-08-23T16:17:03 IST" skipped="0">
  <testcase classname="com.practice.tests.OrageHRMTests" name="loginLogoutTest" time="9.247"/>
</testsuite> <!-- com.practice.tests.OrageHRMTests -->
