<?xml version="1.0" encoding="UTF-8"?>
<!-- Generated by org.testng.reporters.JUnitReportReporter -->
<testsuite hostname="ganepati02-mac" failures="0" tests="1" name="com.practice.tests.DashboardTests" time="5.507" errors="0" timestamp="2025-08-14T14:11:43 IST" skipped="0">
  <testcase classname="com.practice.tests.DashboardTests" name="DashboardTest" time="5.507"/>
</testsuite> <!-- com.practice.tests.DashboardTests -->
